<?xml version="1.0" encoding="UTF-8"?>
<!-- Generated by org.testng.reporters.JUnitReportReporter -->
<testsuite skipped="0" hostname="Maheswaras-MBP" name="qaclickacademy.SeleniumTest" tests="1" failures="0" timestamp="03 Feb 2020 10:32:20 GMT" time="0.008" errors="0">
  <testcase name="MavenMethod" time="0.008" classname="qaclickacademy.SeleniumTest"/>
</testsuite> <!-- qaclickacademy.SeleniumTest -->
