<?xml version="1.0" encoding="UTF-8"?>
<!-- Generated by org.testng.reporters.JUnitReportReporter -->
<testsuite skipped="0" hostname="Maheswaras-MacBook-Pro.local" name="qaclickacademy.Functional" tests="1" failures="0" timestamp="2020-07-15T22:39:34 IST" time="0.003" errors="0">
  <testcase name="ManualTestingSuite" time="0.003" classname="qaclickacademy.Functional"/>
  <system-out/>
</testsuite> <!-- qaclickacademy.Functional -->
