<?xml version="1.0" encoding="UTF-8"?>
<!-- Generated by org.testng.reporters.JUnitReportReporter -->
<testsuite skipped="0" hostname="Maheswaras-MacBook-Pro.local" name="qaclickacademy.SeleniumTest" tests="3" failures="0" timestamp="2020-07-15T22:45:18 IST" time="0.000" errors="0">
  <testcase name="MavenMethod" time="0.000" classname="qaclickacademy.SeleniumTest"/>
  <system-out/>
  <testcase name="MavenTesting1" time="0.000" classname="qaclickacademy.SeleniumTest"/>
  <system-out/>
  <testcase name="MavenTesting" time="0.000" classname="qaclickacademy.SeleniumTest"/>
  <system-out/>
</testsuite> <!-- qaclickacademy.SeleniumTest -->
