<?xml version="1.0" encoding="UTF-8"?>
<!-- Generated by org.testng.reporters.JUnitReportReporter -->
<testsuite skipped="0" hostname="Maheswaras-MacBook-Pro.local" name="qaclickacademy.RegressionTest" tests="2" failures="0" timestamp="2020-07-15T22:45:18 IST" time="0.000" errors="0">
  <testcase name="Retest" time="0.000" classname="qaclickacademy.RegressionTest"/>
  <system-out/>
  <testcase name="Regression" time="0.000" classname="qaclickacademy.RegressionTest"/>
  <system-out/>
</testsuite> <!-- qaclickacademy.RegressionTest -->
