<?xml version="1.0" encoding="UTF-8"?>
<!-- Generated by org.testng.reporters.JUnitReportReporter -->
<testsuite skipped="0" hostname="Maheswaras-MacBook-Pro.local" name="qaclickacademy.ReTest" tests="1" failures="0" timestamp="2020-07-15T22:45:18 IST" time="0.003" errors="0">
  <testcase name="ProfileTest" time="0.003" classname="qaclickacademy.ReTest"/>
  <system-out/>
</testsuite> <!-- qaclickacademy.ReTest -->
